<?xml version="1.0" encoding="UTF-8"?>
<robot generator="Robot 7.0 (Python 3.12.3 on win32)" generated="2024-06-08T10:31:20.740305" rpa="false" schemaversion="5">
<suite id="s1" name="testingFW" source="C:\Users\RHITAM BHATTACHARYA\Documents\Testing FW\TestingFramework\testingFW.robot">
<test id="s1-t1" name="Run Postman Collection" line="14">
<kw name="Run Newman">
<kw name="Log" owner="BuiltIn">
<msg time="2024-06-08T10:31:21.251150" level="INFO">Collection path: PostmanCollections/FakeRESTApi.Web V1.postman_collection.json</msg>
<arg>Collection path: ${collection}</arg>
<doc>Logs the given message with the given level.</doc>
<status status="PASS" start="2024-06-08T10:31:21.251150" elapsed="0.000000"/>
</kw>
<kw name="Log" owner="BuiltIn">
<msg time="2024-06-08T10:31:21.251150" level="INFO">Environment path: PostmanCollections/FakeRestAPI.postman_environment.json</msg>
<arg>Environment path: ${environment}</arg>
<doc>Logs the given message with the given level.</doc>
<status status="PASS" start="2024-06-08T10:31:21.251150" elapsed="0.004018"/>
</kw>
<kw name="Log" owner="BuiltIn">
<msg time="2024-06-08T10:31:21.255168" level="INFO">Report path: Report/HTML/report.html</msg>
<arg>Report path: ${report_path}</arg>
<doc>Logs the given message with the given level.</doc>
<status status="PASS" start="2024-06-08T10:31:21.255168" elapsed="0.000000"/>
</kw>
<kw name="Run Process" owner="Process">
<msg time="2024-06-08T10:31:21.255168" level="INFO">Starting process:
newman run "PostmanCollections/FakeRESTApi.Web V1.postman_collection.json" -e PostmanCollections/FakeRestAPI.postman_environment.json -r htmlextra,json --reporter-htmlextra-export Report/HTML/report.html --reporter-json-export Report/JSON/newman_report.json</msg>
<msg time="2024-06-08T10:31:21.316539" level="INFO">Waiting for process to complete.</msg>
<msg time="2024-06-08T10:31:42.111566" level="INFO">Process completed.</msg>
<msg time="2024-06-08T10:31:42.111566" level="INFO">${result} = &lt;result object with rc 1&gt;</msg>
<var>${result}</var>
<arg>newman</arg>
<arg>run</arg>
<arg>${collection}</arg>
<arg>-e</arg>
<arg>${environment}</arg>
<arg>-r</arg>
<arg>htmlextra,json</arg>
<arg>--reporter-htmlextra-export</arg>
<arg>${report_path}</arg>
<arg>--reporter-json-export</arg>
<arg>${json_report_path}</arg>
<arg>shell=True</arg>
<doc>Runs a process and waits for it to complete.</doc>
<status status="PASS" start="2024-06-08T10:31:21.255168" elapsed="20.856398"/>
</kw>
<kw name="Log Many" owner="BuiltIn">
<msg time="2024-06-08T10:31:42.119652" level="INFO"/>
<msg time="2024-06-08T10:31:42.119652" level="INFO"/>
<arg>${result.stdout}</arg>
<arg>${result.stderr}</arg>
<doc>Logs the given messages as separate entries using the INFO level.</doc>
<status status="PASS" start="2024-06-08T10:31:42.111566" elapsed="0.008086"/>
</kw>
<kw name="Log" owner="BuiltIn">
<msg time="2024-06-08T10:31:42.119652" level="INFO">Stdout: </msg>
<arg>Stdout: ${result.stdout}</arg>
<doc>Logs the given message with the given level.</doc>
<status status="PASS" start="2024-06-08T10:31:42.119652" elapsed="0.000000"/>
</kw>
<kw name="Log" owner="BuiltIn">
<msg time="2024-06-08T10:31:42.119652" level="INFO">Stderr: </msg>
<arg>Stderr: ${result.stderr}</arg>
<doc>Logs the given message with the given level.</doc>
<status status="PASS" start="2024-06-08T10:31:42.119652" elapsed="0.000000"/>
</kw>
<kw name="Should Be Equal As Strings" owner="BuiltIn">
<msg time="2024-06-08T10:31:42.119652" level="INFO">Argument types are:
&lt;class 'int'&gt;
&lt;class 'str'&gt;</msg>
<arg>${result.rc}</arg>
<arg>1</arg>
<doc>Fails if objects are unequal after converting them to strings.</doc>
<status status="PASS" start="2024-06-08T10:31:42.119652" elapsed="0.000000"/>
</kw>
<kw name="Log" owner="BuiltIn">
<msg time="2024-06-08T10:31:42.119652" level="INFO">Newman run completed.</msg>
<arg>Newman run completed.</arg>
<doc>Logs the given message with the given level.</doc>
<status status="PASS" start="2024-06-08T10:31:42.119652" elapsed="0.000000"/>
</kw>
<kw name="Log" owner="BuiltIn">
<msg time="2024-06-08T10:31:42.119652" level="INFO">Find the HTML report and JSON report in the Reports folder.</msg>
<arg>Find the HTML report and JSON report in the Reports folder.</arg>
<doc>Logs the given message with the given level.</doc>
<status status="PASS" start="2024-06-08T10:31:42.119652" elapsed="0.000000"/>
</kw>
<arg>${COLLECTION}</arg>
<arg>${ENVIRONMENT}</arg>
<arg>${REPORT_PATH}</arg>
<arg>${JSON_REPORT_PATH}</arg>
<status status="PASS" start="2024-06-08T10:31:21.251150" elapsed="20.868502"/>
</kw>
<doc>Runs the Postman collection and generates an HTML report using htmlextra reporter</doc>
<status status="PASS" start="2024-06-08T10:31:21.243133" elapsed="20.876519"/>
</test>
<status status="PASS" start="2024-06-08T10:31:20.742515" elapsed="21.377137"/>
</suite>
<statistics>
<total>
<stat pass="1" fail="0" skip="0">All Tests</stat>
</total>
<tag>
</tag>
<suite>
<stat pass="1" fail="0" skip="0" id="s1" name="testingFW">testingFW</stat>
</suite>
</statistics>
<errors>
</errors>
</robot>
